<?xml version="1.0" encoding="UTF-8"?>
<testng-results ignored="0" total="1" passed="1" failed="0" skipped="0">
  <reporter-output>
  </reporter-output>
  <suite started-at="2022-08-06T23:09:28 IST" name="Default suite" finished-at="2022-08-06T23:09:51 IST" duration-ms="22911">
    <groups>
    </groups>
    <test started-at="2022-08-06T23:09:28 IST" name="Default test" finished-at="2022-08-06T23:09:51 IST" duration-ms="22911">
      <class name="com.basics.Practice1">
        <test-method signature="loginTest()[pri:0, instance:com.basics.Practice1@2b91004a]" started-at="2022-08-06T23:09:28 IST" name="loginTest" finished-at="2022-08-06T23:09:51 IST" duration-ms="22831" status="PASS">
          <reporter-output>
          </reporter-output>
        </test-method> <!-- loginTest -->
      </class> <!-- com.basics.Practice1 -->
    </test> <!-- Default test -->
  </suite> <!-- Default suite -->
</testng-results>
